<?xml version="1.0" encoding="UTF-8" ?>
<testsuite tests="4" failures="0" name="it.uniroma3.runTest" time="0.001" errors="0" skipped="0">
  <properties>
[...]
</properties>
  <testcase classname="Scenario: nullacosmico" name="Given nulla" time="0.001"/>
  <testcase classname="Scenario: nullacosmico" name="When ciao" time="0"/>
  <testcase classname="Scenario: nullacosmico" name="Then saluta" time="0"/>
  <testcase classname="Scenario: nullacosmico" name="Scenario: nullacosmico" time="0"/>
</testsuite>