<?xml version="1.0" encoding="UTF-8" ?>
<testsuite tests="103" failures="0" name="it.uniroma3.runTest" time="0.008" errors="0" skipped="0">
  <properties>
[...]
</properties>
  <testcase classname="Scenario: HW2 prova del comando aiuto" name="Given Ho iniziato la partita" time="0.003"/>
  <testcase classname="Scenario: HW2 prova del comando aiuto" name="When ho digitato &quot;aiuto&quot;" time="0"/>
  <testcase classname="Scenario: HW2 prova del comando aiuto" name="And il programma ha stampato&quot;vai,aiuto,fine,prendi,posa,guarda&quot;" time="0"/>
  <testcase classname="Scenario: HW2 prova del comando aiuto" name="When ho digitato &quot;fine&quot;" time="0"/>
  <testcase classname="Scenario: HW2 prova del comando aiuto" name="And la partita e finita" time="0"/>
  <testcase classname="Scenario: HW2 prova del comando aiuto" name="Then la riga &quot;1&quot; ha stampato &quot;vai&quot;" time="0"/>
  <testcase classname="Scenario: HW2 prova del comando aiuto" name="And la riga &quot;1&quot; ha stampato &quot;aiuto&quot;" time="0"/>
  <testcase classname="Scenario: HW2 prova del comando aiuto" name="And la riga &quot;1&quot; ha stampato &quot;prendi&quot;" time="0.001"/>
  <testcase classname="Scenario: HW2 prova del comando aiuto" name="And la riga &quot;1&quot; ha stampato &quot;posa&quot;" time="0"/>
  <testcase classname="Scenario: HW2 prova del comando aiuto" name="And la riga &quot;1&quot; ha stampato &quot;guarda&quot;" time="0"/>
  <testcase classname="Scenario: HW2 prova del comando aiuto" name="And la riga &quot;1&quot; ha stampato &quot;fine&quot;" time="0"/>
  <testcase classname="Scenario: HW2 prova del comando aiuto" name="And il programma ha stampato &quot;Grazie di aver giocato!&quot;" time="0"/>
  <testcase classname="Scenario: HW2 prova del comando aiuto" name="Scenario: HW2 prova del comando aiuto" time="0"/>
  <testcase classname="Scenario: HW2 prova del comando fine" name="Given Ho iniziato la partita" time="0"/>
  <testcase classname="Scenario: HW2 prova del comando fine" name="When ho digitato &quot;fine&quot;" time="0"/>
  <testcase classname="Scenario: HW2 prova del comando fine" name="And il programma ha stampato&quot;Grazie di aver giocato!&quot;" time="0"/>
  <testcase classname="Scenario: HW2 prova del comando fine" name="And la partita e finita" time="0"/>
  <testcase classname="Scenario: HW2 prova del comando fine" name="Then il programma ha stampato &quot;Grazie di aver giocato!&quot;" time="0"/>
  <testcase classname="Scenario: HW2 prova del comando fine" name="Scenario: HW2 prova del comando fine" time="0"/>
  <testcase classname="Scenario: Homework 2 caso digita vai est" name="Given Ho iniziato la partita" time="0"/>
  <testcase classname="Scenario: Homework 2 caso digita vai est" name="When ho digitato &quot;vai est&quot;" time="0"/>
  <testcase classname="Scenario: Homework 2 caso digita vai est" name="And il programma ha stampato&quot;Aula N11&quot;" time="0"/>
  <testcase classname="Scenario: Homework 2 caso digita vai est" name="When ho digitato &quot;fine&quot;" time="0"/>
  <testcase classname="Scenario: Homework 2 caso digita vai est" name="And la partita e finita" time="0"/>
  <testcase classname="Scenario: Homework 2 caso digita vai est" name="Then la riga &quot;1&quot; ha stampato &quot;N11&quot;" time="0"/>
  <testcase classname="Scenario: Homework 2 caso digita vai est" name="And il programma ha stampato &quot;Grazie di aver giocato!&quot;" time="0"/>
  <testcase classname="Scenario: Homework 2 caso digita vai est" name="Scenario: Homework 2 caso digita vai est" time="0"/>
  <testcase classname="Scenario: Homework 2 caso digita vai ovest" name="Given Ho iniziato la partita" time="0"/>
  <testcase classname="Scenario: Homework 2 caso digita vai ovest" name="When ho digitato &quot;vai ovest&quot;" time="0"/>
  <testcase classname="Scenario: Homework 2 caso digita vai ovest" name="And il programma ha stampato&quot;Sei in Laboratorio Campus&quot;" time="0"/>
  <testcase classname="Scenario: Homework 2 caso digita vai ovest" name="When ho digitato &quot;fine&quot;" time="0"/>
  <testcase classname="Scenario: Homework 2 caso digita vai ovest" name="And la partita e finita" time="0"/>
  <testcase classname="Scenario: Homework 2 caso digita vai ovest" name="Then la riga &quot;1&quot; ha stampato &quot;Laboratorio Campus&quot;" time="0"/>
  <testcase classname="Scenario: Homework 2 caso digita vai ovest" name="And il programma ha stampato &quot;Grazie di aver giocato!&quot;" time="0"/>
  <testcase classname="Scenario: Homework 2 caso digita vai ovest" name="Scenario: Homework 2 caso digita vai ovest" time="0"/>
  <testcase classname="Scenario: Homework 2 caso digita vai nord e vittoria" name="Given Ho iniziato la partita" time="0"/>
  <testcase classname="Scenario: Homework 2 caso digita vai nord e vittoria" name="When ho digitato &quot;vai nord&quot;" time="0"/>
  <testcase classname="Scenario: Homework 2 caso digita vai nord e vittoria" name="And il programma ha stampato&quot;Sei in Biblioteca&quot;" time="0"/>
  <testcase classname="Scenario: Homework 2 caso digita vai nord e vittoria" name="When ho digitato &quot;fine&quot;" time="0"/>
  <testcase classname="Scenario: Homework 2 caso digita vai nord e vittoria" name="And la partita e finita" time="0"/>
  <testcase classname="Scenario: Homework 2 caso digita vai nord e vittoria" name="Then la riga &quot;1&quot; ha stampato &quot;Biblioteca&quot;" time="0"/>
  <testcase classname="Scenario: Homework 2 caso digita vai nord e vittoria" name="And il programma ha stampato &quot;Hai vinto&quot;" time="0"/>
  <testcase classname="Scenario: Homework 2 caso digita vai nord e vittoria" name="Scenario: Homework 2 caso digita vai nord e vittoria" time="0.001"/>
  <testcase classname="Scenario: Homework 2 caso digita vai ovest 2 volte" name="Given Ho iniziato la partita" time="0"/>
  <testcase classname="Scenario: Homework 2 caso digita vai ovest 2 volte" name="When ho digitato &quot;vai ovest&quot;" time="0"/>
  <testcase classname="Scenario: Homework 2 caso digita vai ovest 2 volte" name="And il programma ha stampato&quot;Sei in Laboratorio Campus&quot;" time="0"/>
  <testcase classname="Scenario: Homework 2 caso digita vai ovest 2 volte" name="When ho digitato &quot;vai ovest&quot;" time="0"/>
  <testcase classname="Scenario: Homework 2 caso digita vai ovest 2 volte" name="And il programma ha stampato&quot;Sei in Aula N11&quot;" time="0"/>
  <testcase classname="Scenario: Homework 2 caso digita vai ovest 2 volte" name="When ho digitato &quot;fine&quot;" time="0"/>
  <testcase classname="Scenario: Homework 2 caso digita vai ovest 2 volte" name="And la partita e finita" time="0"/>
  <testcase classname="Scenario: Homework 2 caso digita vai ovest 2 volte" name="Then la riga &quot;1&quot; ha stampato &quot;Laboratorio Campus&quot;" time="0"/>
  <testcase classname="Scenario: Homework 2 caso digita vai ovest 2 volte" name="And la riga &quot;2&quot; ha stampato &quot;N11&quot;" time="0"/>
  <testcase classname="Scenario: Homework 2 caso digita vai ovest 2 volte" name="And il programma ha stampato &quot;Grazie di aver giocato!&quot;" time="0"/>
  <testcase classname="Scenario: Homework 2 caso digita vai ovest 2 volte" name="Scenario: Homework 2 caso digita vai ovest 2 volte" time="0"/>
  <testcase classname="Scenario: Homework 2 caso stanza bloccata" name="Given Ho iniziato la partita" time="0"/>
  <testcase classname="Scenario: Homework 2 caso stanza bloccata" name="When ho digitato &quot;vai est&quot;" time="0"/>
  <testcase classname="Scenario: Homework 2 caso stanza bloccata" name="And il programma ha stampato&quot;Sei in Aula N11&quot;" time="0"/>
  <testcase classname="Scenario: Homework 2 caso stanza bloccata" name="When ho digitato &quot;vai sud&quot;" time="0"/>
  <testcase classname="Scenario: Homework 2 caso stanza bloccata" name="And il programma ha stampato&quot;Sei in Bloccata&quot;" time="0"/>
  <testcase classname="Scenario: Homework 2 caso stanza bloccata" name="When ho digitato &quot;vai nord&quot;" time="0"/>
  <testcase classname="Scenario: Homework 2 caso stanza bloccata" name="And il programma ha stampato&quot;Sei in Bloccata&quot;" time="0"/>
  <testcase classname="Scenario: Homework 2 caso stanza bloccata" name="When ho digitato &quot;fine&quot;" time="0"/>
  <testcase classname="Scenario: Homework 2 caso stanza bloccata" name="And la partita e finita" time="0"/>
  <testcase classname="Scenario: Homework 2 caso stanza bloccata" name="Then la riga &quot;1&quot; ha stampato &quot;N11&quot;" time="0"/>
  <testcase classname="Scenario: Homework 2 caso stanza bloccata" name="And la riga &quot;2&quot; ha stampato &quot;Bloccata&quot;" time="0"/>
  <testcase classname="Scenario: Homework 2 caso stanza bloccata" name="And la riga &quot;3&quot; ha stampato &quot;Bloccata&quot;" time="0"/>
  <testcase classname="Scenario: Homework 2 caso stanza bloccata" name="And il programma ha stampato &quot;Grazie di aver giocato!&quot;" time="0"/>
  <testcase classname="Scenario: Homework 2 caso stanza bloccata" name="Scenario: Homework 2 caso stanza bloccata" time="0"/>
  <testcase classname="Scenario: Homework 2 caso stanza bloccata con chiave" name="Given Ho iniziato la partita" time="0"/>
  <testcase classname="Scenario: Homework 2 caso stanza bloccata con chiave" name="When ho digitato &quot;prendi chiave&quot;" time="0"/>
  <testcase classname="Scenario: Homework 2 caso stanza bloccata con chiave" name="And il programma ha stampato&quot;oggetto messo nella borsa correttamente!&quot;" time="0"/>
  <testcase classname="Scenario: Homework 2 caso stanza bloccata con chiave" name="When ho digitato &quot;vai est&quot;" time="0"/>
  <testcase classname="Scenario: Homework 2 caso stanza bloccata con chiave" name="And il programma ha stampato&quot;Sei in Aula N11&quot;" time="0"/>
  <testcase classname="Scenario: Homework 2 caso stanza bloccata con chiave" name="When ho digitato &quot;vai sud&quot;" time="0"/>
  <testcase classname="Scenario: Homework 2 caso stanza bloccata con chiave" name="And il programma ha stampato&quot;Sei in Bloccata&quot;" time="0"/>
  <testcase classname="Scenario: Homework 2 caso stanza bloccata con chiave" name="When ho digitato &quot;posa chiave&quot;" time="0"/>
  <testcase classname="Scenario: Homework 2 caso stanza bloccata con chiave" name="And il programma ha stampato&quot;L&apos; oggetto:chiave � stato posato correttamente&quot;" time="0"/>
  <testcase classname="Scenario: Homework 2 caso stanza bloccata con chiave" name="When ho digitato &quot;vai nord&quot;" time="0"/>
  <testcase classname="Scenario: Homework 2 caso stanza bloccata con chiave" name="And il programma ha stampato&quot;Sei in Aula N11&quot;" time="0"/>
  <testcase classname="Scenario: Homework 2 caso stanza bloccata con chiave" name="When ho digitato &quot;fine&quot;" time="0"/>
  <testcase classname="Scenario: Homework 2 caso stanza bloccata con chiave" name="And la partita e finita" time="0"/>
  <testcase classname="Scenario: Homework 2 caso stanza bloccata con chiave" name="Then la riga &quot;1&quot; ha stampato &quot;correttamente&quot;" time="0"/>
  <testcase classname="Scenario: Homework 2 caso stanza bloccata con chiave" name="And la riga &quot;2&quot; ha stampato &quot;N11&quot;" time="0"/>
  <testcase classname="Scenario: Homework 2 caso stanza bloccata con chiave" name="And la riga &quot;3&quot; ha stampato &quot;Bloccata&quot;" time="0"/>
  <testcase classname="Scenario: Homework 2 caso stanza bloccata con chiave" name="And la riga &quot;4&quot; ha stampato &quot;chiave&quot;" time="0"/>
  <testcase classname="Scenario: Homework 2 caso stanza bloccata con chiave" name="And la riga &quot;4&quot; ha stampato &quot;posato correttamente&quot;" time="0"/>
  <testcase classname="Scenario: Homework 2 caso stanza bloccata con chiave" name="And la riga &quot;5&quot; ha stampato &quot;N11&quot;" time="0"/>
  <testcase classname="Scenario: Homework 2 caso stanza bloccata con chiave" name="And il programma ha stampato &quot;Grazie di aver giocato!&quot;" time="0"/>
  <testcase classname="Scenario: Homework 2 caso stanza bloccata con chiave" name="Scenario: Homework 2 caso stanza bloccata con chiave" time="0.001"/>
  <testcase classname="Scenario: Homework 2 caso stanza buia" name="Given Ho iniziato la partita" time="0"/>
  <testcase classname="Scenario: Homework 2 caso stanza buia" name="When ho digitato &quot;vai est&quot;" time="0"/>
  <testcase classname="Scenario: Homework 2 caso stanza buia" name="And il programma ha stampato&quot;Sei in N11&quot;" time="0"/>
  <testcase classname="Scenario: Homework 2 caso stanza buia" name="When ho digitato &quot;vai nord&quot;" time="0"/>
  <testcase classname="Scenario: Homework 2 caso stanza buia" name="And il programma ha stampato&quot;Sei in Buia&quot;" time="0"/>
  <testcase classname="Scenario: Homework 2 caso stanza buia" name="When ho digitato &quot;guarda&quot;" time="0"/>
  <testcase classname="Scenario: Homework 2 caso stanza buia" name="And il programma ha stampato&quot;qui c&apos;� un buio pesto!&quot;" time="0"/>
  <testcase classname="Scenario: Homework 2 caso stanza buia" name="When ho digitato &quot;fine&quot;" time="0.001"/>
  <testcase classname="Scenario: Homework 2 caso stanza buia" name="And la partita e finita" time="0"/>
  <testcase classname="Scenario: Homework 2 caso stanza buia" name="Then la riga &quot;1&quot; ha stampato &quot;N11&quot;" time="0"/>
  <testcase classname="Scenario: Homework 2 caso stanza buia" name="And la riga &quot;2&quot; ha stampato &quot;Buia&quot;" time="0.001"/>
  <testcase classname="Scenario: Homework 2 caso stanza buia" name="And la riga &quot;3&quot; ha stampato &quot;buio&quot;" time="0"/>
  <testcase classname="Scenario: Homework 2 caso stanza buia" name="And il programma ha stampato &quot;Grazie di aver giocato!&quot;" time="0"/>
  <testcase classname="Scenario: Homework 2 caso stanza buia" name="Scenario: Homework 2 caso stanza buia" time="0"/>
</testsuite>